<?xml version="1.0" encoding="UTF-8"?>
<testsuites name="Mocha Tests" time="1.579" tests="1" failures="0">
  <testsuite name="Root Suite" timestamp="2025-11-17T11:33:38" tests="0" file="cypress\tests\API Testing\httpsRequest.cy.js" time="0.000" failures="0">
  </testsuite>
  <testsuite name="HTTPs Request Test Suite" timestamp="2025-11-17T11:33:38" tests="1" time="1.578" failures="0">
    <testcase name="POST call to create a new user" time="1.558" classname="HTTPs Request Test Suite POST call to create a new user">
    </testcase>
  </testsuite>
</testsuites>