<?xml version="1.0" encoding="UTF-8"?>
<testsuites name="Mocha Tests" time="34.061" tests="3" failures="0">
  <testsuite name="Root Suite" timestamp="2025-10-25T21:55:51" tests="0" file="cypress\tests\login-user-test.cy.js" time="0.000" failures="0">
  </testsuite>
  <testsuite name="Login Functionality" timestamp="2025-10-25T21:55:51" tests="3" time="34.061" failures="0">
    <testcase name="Register and logout user" time="17.124" classname="Login Functionality Register and logout user">
    </testcase>
    <testcase name="should login user with correct email and password" time="7.585" classname="Login Functionality should login user with correct email and password">
    </testcase>
    <testcase name="should not login user with incorrect email and password" time="4.867" classname="Login Functionality should not login user with incorrect email and password">
    </testcase>
  </testsuite>
</testsuites>