<?xml version="1.0" encoding="UTF-8"?>
<testsuites name="Mocha Tests" time="2.123" tests="2" failures="1">
  <testsuite name="Root Suite" timestamp="2025-11-17T11:16:23" tests="0" file="cypress\tests\API Testing\httpsRequest.cy.js" time="0.000" failures="0">
  </testsuite>
  <testsuite name="HTTPs Request Test Suite" timestamp="2025-11-17T11:16:23" tests="2" time="2.121" failures="1">
    <testcase name="should make a successful HTTPS request" time="0.312" classname="HTTPs Request Test Suite should make a successful HTTPS request">
    </testcase>
    <testcase name="POST call to create a new user" time="0.392" classname="HTTPs Request Test Suite POST call to create a new user">
      <failure message="`cy.request()` failed on:

https://reqres.in/api/users

The response we received from your web server was:

  &gt; 401: Unauthorized

This was considered a failure because the status code was not `2xx` or `3xx`.

If you do not want status codes to cause failures pass the option: `failOnStatusCode: false`

-----------------------------------------------------------

The request we sent was:

Method: POST
URL: https://reqres.in/api/users
Headers: {
  &quot;Connection&quot;: &quot;keep-alive&quot;,
  &quot;user-agent&quot;: &quot;Mozilla/5.0 (Windows NT 10.0; Win64; x64) AppleWebKit/537.36 (KHTML, like Gecko) Cypress/15.2.0 Chrome/136.0.7103.149 Electron/36.4.0 Safari/537.36&quot;,
  &quot;accept&quot;: &quot;*/*&quot;,
  &quot;accept-encoding&quot;: &quot;gzip, deflate&quot;,
  &quot;content-type&quot;: &quot;application/json&quot;,
  &quot;content-length&quot;: 45
}
Body: {&quot;name&quot;:&quot;John Doe&quot;,&quot;job&quot;:&quot;Software Engineer&quot;}

-----------------------------------------------------------

The response we got was:

Status: 401 - Unauthorized
Headers: {
  &quot;date&quot;: &quot;Mon, 17 Nov 2025 11:16:25 GMT&quot;,
  &quot;content-type&quot;: &quot;application/json; charset=utf-8&quot;,
  &quot;content-length&quot;: &quot;27&quot;,
  &quot;connection&quot;: &quot;keep-alive&quot;,
  &quot;access-control-allow-credentials&quot;: &quot;true&quot;,
  &quot;access-control-allow-headers&quot;: &quot;Origin, X-Requested-With, Content-Type, Accept, Authorization, x-api-key&quot;,
  &quot;access-control-allow-methods&quot;: &quot;GET, POST, PUT, DELETE, OPTIONS&quot;,
  &quot;access-control-allow-origin&quot;: &quot;http://localhost:5173&quot;,
  &quot;etag&quot;: &quot;W/\&quot;1b-FQ1mIOMgD7jlZN53VsiSdXzsYTY\&quot;&quot;,
  &quot;nel&quot;: &quot;{\&quot;report_to\&quot;:\&quot;heroku-nel\&quot;,\&quot;response_headers\&quot;:[\&quot;Via\&quot;],\&quot;max_age\&quot;:3600,\&quot;success_fraction\&quot;:0.01,\&quot;failure_fraction\&quot;:0.1}&quot;,
  &quot;ratelimit-limit&quot;: &quot;100&quot;,
  &quot;ratelimit-policy&quot;: &quot;100;w=60&quot;,
  &quot;ratelimit-remaining&quot;: &quot;97&quot;,
  &quot;ratelimit-reset&quot;: &quot;59&quot;,
  &quot;referrer-policy&quot;: &quot;strict-origin-when-cross-origin&quot;,
  &quot;report-to&quot;: &quot;{\&quot;group\&quot;:\&quot;heroku-nel\&quot;,\&quot;endpoints\&quot;:[{\&quot;url\&quot;:\&quot;https://nel.heroku.com/reports?s=AevCfOjn4ra6I4dGVh3TPM7ivfmRE3kEpTASYDQHPe8%3D\\u0026sid=c4c9725f-1ab0-44d8-820f-430df2718e11\\u0026ts=1763378185\&quot;}],\&quot;max_age\&quot;:3600}&quot;,
  &quot;reporting-endpoints&quot;: &quot;heroku-nel=\&quot;https://nel.heroku.com/reports?s=AevCfOjn4ra6I4dGVh3TPM7ivfmRE3kEpTASYDQHPe8%3D&amp;sid=c4c9725f-1ab0-44d8-820f-430df2718e11&amp;ts=1763378185\&quot;&quot;,
  &quot;server&quot;: &quot;cloudflare&quot;,
  &quot;vary&quot;: &quot;Origin&quot;,
  &quot;via&quot;: &quot;1.1 heroku-router&quot;,
  &quot;x-content-type-options&quot;: &quot;nosniff&quot;,
  &quot;x-frame-options&quot;: &quot;DENY&quot;,
  &quot;x-request-id&quot;: &quot;74a18519-36a1-f9aa-8b9d-c153e6b91661&quot;,
  &quot;x-xss-protection&quot;: &quot;1; mode=block&quot;,
  &quot;cf-cache-status&quot;: &quot;DYNAMIC&quot;,
  &quot;cf-ray&quot;: &quot;99fed0dbbbe27f1c-MAA&quot;
}
Body: {
  &quot;error&quot;: &quot;Missing API key&quot;
}


https://on.cypress.io/request" type="CypressError"><![CDATA[CypressError: `cy.request()` failed on:

https://reqres.in/api/users

The response we received from your web server was:

  > 401: Unauthorized

This was considered a failure because the status code was not `2xx` or `3xx`.

If you do not want status codes to cause failures pass the option: `failOnStatusCode: false`

-----------------------------------------------------------

The request we sent was:

Method: POST
URL: https://reqres.in/api/users
Headers: {
  "Connection": "keep-alive",
  "user-agent": "Mozilla/5.0 (Windows NT 10.0; Win64; x64) AppleWebKit/537.36 (KHTML, like Gecko) Cypress/15.2.0 Chrome/136.0.7103.149 Electron/36.4.0 Safari/537.36",
  "accept": "*/*",
  "accept-encoding": "gzip, deflate",
  "content-type": "application/json",
  "content-length": 45
}
Body: {"name":"John Doe","job":"Software Engineer"}

-----------------------------------------------------------

The response we got was:

Status: 401 - Unauthorized
Headers: {
  "date": "Mon, 17 Nov 2025 11:16:25 GMT",
  "content-type": "application/json; charset=utf-8",
  "content-length": "27",
  "connection": "keep-alive",
  "access-control-allow-credentials": "true",
  "access-control-allow-headers": "Origin, X-Requested-With, Content-Type, Accept, Authorization, x-api-key",
  "access-control-allow-methods": "GET, POST, PUT, DELETE, OPTIONS",
  "access-control-allow-origin": "http://localhost:5173",
  "etag": "W/\"1b-FQ1mIOMgD7jlZN53VsiSdXzsYTY\"",
  "nel": "{\"report_to\":\"heroku-nel\",\"response_headers\":[\"Via\"],\"max_age\":3600,\"success_fraction\":0.01,\"failure_fraction\":0.1}",
  "ratelimit-limit": "100",
  "ratelimit-policy": "100;w=60",
  "ratelimit-remaining": "97",
  "ratelimit-reset": "59",
  "referrer-policy": "strict-origin-when-cross-origin",
  "report-to": "{\"group\":\"heroku-nel\",\"endpoints\":[{\"url\":\"https://nel.heroku.com/reports?s=AevCfOjn4ra6I4dGVh3TPM7ivfmRE3kEpTASYDQHPe8%3D\\u0026sid=c4c9725f-1ab0-44d8-820f-430df2718e11\\u0026ts=1763378185\"}],\"max_age\":3600}",
  "reporting-endpoints": "heroku-nel=\"https://nel.heroku.com/reports?s=AevCfOjn4ra6I4dGVh3TPM7ivfmRE3kEpTASYDQHPe8%3D&sid=c4c9725f-1ab0-44d8-820f-430df2718e11&ts=1763378185\"",
  "server": "cloudflare",
  "vary": "Origin",
  "via": "1.1 heroku-router",
  "x-content-type-options": "nosniff",
  "x-frame-options": "DENY",
  "x-request-id": "74a18519-36a1-f9aa-8b9d-c153e6b91661",
  "x-xss-protection": "1; mode=block",
  "cf-cache-status": "DYNAMIC",
  "cf-ray": "99fed0dbbbe27f1c-MAA"
}
Body: {
  "error": "Missing API key"
}


https://on.cypress.io/request
    at <unknown> (http://localhost:59886/__cypress/runner/cypress_runner.js:136268:72)
    at tryCatcher (http://localhost:59886/__cypress/runner/cypress_runner.js:1777:23)
    at Promise._settlePromiseFromHandler (http://localhost:59886/__cypress/runner/cypress_runner.js:1489:31)
    at Promise._settlePromise (http://localhost:59886/__cypress/runner/cypress_runner.js:1546:18)
    at Promise._settlePromise0 (http://localhost:59886/__cypress/runner/cypress_runner.js:1591:10)
    at Promise._settlePromises (http://localhost:59886/__cypress/runner/cypress_runner.js:1671:18)
    at _drainQueueStep (http://localhost:59886/__cypress/runner/cypress_runner.js:2377:12)
    at _drainQueue (http://localhost:59886/__cypress/runner/cypress_runner.js:2370:9)
    at Async._drainQueues (http://localhost:59886/__cypress/runner/cypress_runner.js:2386:5)
    at Async.drainQueues (http://localhost:59886/__cypress/runner/cypress_runner.js:2256:14)
From Your Spec Code:
    at Context.eval (webpack://cypressautomation/./cypress/tests/API Testing/httpsRequest.cy.js:12:11)]]></failure>
    </testcase>
  </testsuite>
</testsuites>