<?xml version="1.0" encoding="UTF-8"?>
<testsuites name="Mocha Tests" time="2.260" tests="2" failures="0">
  <testsuite name="Root Suite" timestamp="2025-11-17T11:37:06" tests="0" file="cypress\tests\API Testing\httpsRequest.cy.js" time="0.000" failures="0">
  </testsuite>
  <testsuite name="HTTPs Request Test Suite" timestamp="2025-11-17T11:37:06" tests="2" time="2.258" failures="0">
    <testcase name="POST call to create a new user" time="1.404" classname="HTTPs Request Test Suite POST call to create a new user">
    </testcase>
    <testcase name="GET call to retrieve user details" time="0.817" classname="HTTPs Request Test Suite GET call to retrieve user details">
    </testcase>
  </testsuite>
</testsuites>