<?xml version="1.0" encoding="UTF-8"?>
<testsuites name="Mocha Tests" time="10.967" tests="1" failures="1">
  <testsuite name="Root Suite" timestamp="2025-10-25T22:08:54" tests="0" file="cypress\tests\place-order-register-while-checkout-test.cy.js" time="0.000" failures="0">
  </testsuite>
  <testsuite name="Shopping Cart Functionality-TC014" timestamp="2025-10-25T22:08:54" tests="1" time="10.965" failures="1">
    <testcase name="Verify products can be added to cart and cart details are correct" time="0.000" classname="Shopping Cart Functionality-TC014 Verify products can be added to cart and cart details are correct">
      <failure message="Timed out retrying after 4000ms: `cy.trigger()` failed because this element:

`&lt;a data-product-id=&quot;1&quot; class=&quot;btn btn-default add-to-cart&quot;&gt;...&lt;/a&gt;`

is being covered by another element:

`&lt;h2 class=&quot;title text-center&quot;&gt;Feature...&lt;/h2&gt;`

Fix this problem, or use {force: true} to disable error checking.

https://on.cypress.io/element-cannot-be-interacted-with" type="CypressError"><![CDATA[CypressError: Timed out retrying after 4000ms: `cy.trigger()` failed because this element:

`<a data-product-id="1" class="btn btn-default add-to-cart">...</a>`

is being covered by another element:

`<h2 class="title text-center">Feature...</h2>`

Fix this problem, or use {force: true} to disable error checking.

https://on.cypress.io/element-cannot-be-interacted-with
    at ensureIsDescendent (https://www.automationexercise.com/__cypress/runner/cypress_runner.js:114209:68)
    at ensureDescendents (https://www.automationexercise.com/__cypress/runner/cypress_runner.js:114260:5)
    at ensureDescendentsAndScroll (https://www.automationexercise.com/__cypress/runner/cypress_runner.js:114266:14)
    at ensureElIsNotCovered (https://www.automationexercise.com/__cypress/runner/cypress_runner.js:114397:5)
    at runAllChecks (https://www.automationexercise.com/__cypress/runner/cypress_runner.js:114596:52)
    at retryActionability (https://www.automationexercise.com/__cypress/runner/cypress_runner.js:114633:16)
    at tryCatcher (https://www.automationexercise.com/__cypress/runner/cypress_runner.js:1777:23)
    at Promise.attempt.Promise.try (https://www.automationexercise.com/__cypress/runner/cypress_runner.js:4285:29)
    at whenStable (https://www.automationexercise.com/__cypress/runner/cypress_runner.js:147197:68)
    at <unknown> (https://www.automationexercise.com/__cypress/runner/cypress_runner.js:147138:14)
    at tryCatcher (https://www.automationexercise.com/__cypress/runner/cypress_runner.js:1777:23)
    at Promise._settlePromiseFromHandler (https://www.automationexercise.com/__cypress/runner/cypress_runner.js:1489:31)
    at Promise._settlePromise (https://www.automationexercise.com/__cypress/runner/cypress_runner.js:1546:18)
    at Promise._settlePromise0 (https://www.automationexercise.com/__cypress/runner/cypress_runner.js:1591:10)
    at Promise._settlePromises (https://www.automationexercise.com/__cypress/runner/cypress_runner.js:1671:18)
    at Promise._fulfill (https://www.automationexercise.com/__cypress/runner/cypress_runner.js:1615:18)
    at <unknown> (https://www.automationexercise.com/__cypress/runner/cypress_runner.js:5420:46)]]></failure>
    </testcase>
  </testsuite>
</testsuites>