<?xml version="1.0" encoding="UTF-8"?>
<testsuites name="Mocha Tests" time="0.312" tests="1" failures="1">
  <testsuite name="Root Suite" timestamp="2025-11-19T07:51:26" tests="0" file="cypress\tests\API Testing\httpsRequest.cy.js" time="0.000" failures="0">
  </testsuite>
  <testsuite name="API testing" timestamp="2025-11-19T07:51:26" tests="1" time="0.310" failures="1">
    <testcase name="passing query parameters in GET request" time="0.000" classname="API testing passing query parameters in GET request">
      <failure message="expected [ Array(6) ] to have a length of 5 but got 6" type="AssertionError"><![CDATA[AssertionError: expected [ Array(6) ] to have a length of 5 but got 6
    at Context.eval (webpack://cypressautomation/./cypress/tests/API Testing/httpsRequest.cy.js:18:47)
    at getRet (http://localhost:60429/__cypress/runner/cypress_runner.js:121565:20)
    at tryCatcher (http://localhost:60429/__cypress/runner/cypress_runner.js:1777:23)
    at Promise.attempt.Promise.try (http://localhost:60429/__cypress/runner/cypress_runner.js:4285:29)

      + expected - actual

      -6
      +5
      ]]></failure>
    </testcase>
  </testsuite>
</testsuites>