<?xml version="1.0" encoding="UTF-8"?>
<testsuites name="Mocha Tests" time="0.403" tests="1" failures="0">
  <testsuite name="Root Suite" timestamp="2025-11-17T11:18:57" tests="0" file="cypress\tests\API Testing\httpsRequest.cy.js" time="0.000" failures="0">
  </testsuite>
  <testsuite name="HTTPs Request Test Suite" timestamp="2025-11-17T11:18:57" tests="1" time="0.401" failures="0">
    <testcase name="should make a successful HTTPS request" time="0.370" classname="HTTPs Request Test Suite should make a successful HTTPS request">
    </testcase>
  </testsuite>
</testsuites>