<?xml version="1.0" encoding="UTF-8"?>
<testsuites name="Mocha Tests" time="0.476" tests="1" failures="0">
  <testsuite name="Root Suite" timestamp="2025-11-17T13:10:12" tests="0" file="cypress\tests\API Testing\httpsRequest.cy.js" time="0.000" failures="0">
  </testsuite>
  <testsuite name="GET call" timestamp="2025-11-17T13:10:12" tests="1" time="0.475" failures="0">
    <testcase name="get call request" time="0.441" classname="GET call get call request">
    </testcase>
  </testsuite>
</testsuites>