<?xml version="1.0" encoding="UTF-8"?>
<testsuites name="Mocha Tests" time="0.216" tests="1" failures="0">
  <testsuite name="Root Suite" timestamp="2025-11-17T11:19:46" tests="0" file="cypress\tests\API Testing\httpsRequest.cy.js" time="0.000" failures="0">
  </testsuite>
  <testsuite name="HTTPs Request Test Suite" timestamp="2025-11-17T11:19:46" tests="1" time="0.213" failures="0">
    <testcase name="should make a successful HTTPS request" time="0.158" classname="HTTPs Request Test Suite should make a successful HTTPS request">
    </testcase>
  </testsuite>
</testsuites>