<?xml version="1.0" encoding="UTF-8"?>
<testsuites name="Mocha Tests" time="16.429" tests="1" failures="1">
  <testsuite name="Root Suite" timestamp="2025-10-25T22:24:07" tests="0" file="cypress\tests\place-order-register-while-checkout-test.cy.js" time="0.000" failures="0">
  </testsuite>
  <testsuite name="Shopping Cart Functionality-TC014" timestamp="2025-10-25T22:24:07" tests="1" time="16.426" failures="1">
    <testcase name="Verify products can be added to cart and cart details are correct" time="0.000" classname="Shopping Cart Functionality-TC014 Verify products can be added to cart and cart details are correct">
      <failure message="Timed out retrying after 4000ms: Expected to find element: `//b[text()=&quot;Enter Account Information&quot;]`, but never found it." type="AssertionError"><![CDATA[AssertionError: Timed out retrying after 4000ms: Expected to find element: `//b[text()="Enter Account Information"]`, but never found it.
    at Context.eval (webpack://cypressautomation/./cypress/tests/place-order-register-while-checkout-test.cy.js:61:60)]]></failure>
    </testcase>
  </testsuite>
</testsuites>