<?xml version="1.0" encoding="UTF-8"?>
<testsuites name="Mocha Tests" time="0.579" tests="1" failures="1">
  <testsuite name="Root Suite" timestamp="2025-10-25T21:58:19" tests="0" file="cypress\tests\verify-product-in-cart-page-test.cy.js" time="0.000" failures="0">
  </testsuite>
  <testsuite name="Test Case 8: Verify All Products and Product Detail Page" timestamp="2025-10-25T21:58:19" tests="1" time="0.578" failures="1">
    <testcase name="Verify All Products page and Product Detail page functionality" time="0.000" classname="Test Case 8: Verify All Products and Product Detail Page Verify All Products page and Product Detail page functionality">
      <failure message="Unsupported action: Type" type="Error"><![CDATA[Error: Unsupported action: Type
    at dataLoader.executeCurrentStep (webpack://cypressautomation/./utils/data-loader.utils.js:133:18)
    at eval (webpack://cypressautomation/./utils/data-loader.utils.js:29:17)
    at Array.forEach (<anonymous>)
    at dataLoader.fillForm (webpack://cypressautomation/./utils/data-loader.utils.js:26:33)
    at Context.eval (webpack://cypressautomation/./cypress/tests/verify-product-in-cart-page-test.cy.js:25:19)
    at runnable.fn (http://localhost:49690/__cypress/runner/cypress_runner.js:141800:19)
    at callFn (http://localhost:49690/__cypress/runner/cypress_runner.js:160869:21)
    at Runnable.run (http://localhost:49690/__cypress/runner/cypress_runner.js:160856:7)
    at <unknown> (http://localhost:49690/__cypress/runner/cypress_runner.js:166951:30)]]></failure>
    </testcase>
  </testsuite>
</testsuites>