<?xml version="1.0" encoding="UTF-8"?>
<testsuites name="Mocha Tests" time="28.798" tests="1" failures="1">
  <testsuite name="Root Suite" timestamp="2025-10-25T22:37:56" tests="0" file="cypress\tests\place-order-register-while-checkout-test.cy.js" time="0.000" failures="0">
  </testsuite>
  <testsuite name="Shopping Cart Functionality-TC014" timestamp="2025-10-25T22:37:56" tests="1" time="28.788" failures="1">
    <testcase name="Verify products can be added to cart and cart details are correct" time="0.000" classname="Shopping Cart Functionality-TC014 Verify products can be added to cart and cart details are correct">
      <failure message="Failed to execute &apos;evaluate&apos; on &apos;Document&apos;: The string &apos;#address_delivery&apos; is not a valid XPath expression." type="SyntaxError"><![CDATA[SyntaxError: Failed to execute 'evaluate' on 'Document': The string '#address_delivery' is not a valid XPath expression.
    at getValue (webpack://cypressautomation/./node_modules/cypress-xpath/src/index.js:62:0)
    at tryCatcher (https://www.automationexercise.com/__cypress/runner/cypress_runner.js:1777:23)
    at Promise.attempt.Promise.try (https://www.automationexercise.com/__cypress/runner/cypress_runner.js:4285:29)
    at resolveValue (webpack://cypressautomation/./node_modules/cypress-xpath/src/index.js:127:0)
    at Context.xpath (webpack://cypressautomation/./node_modules/cypress-xpath/src/index.js:139:0)
    at wrapped (https://www.automationexercise.com/__cypress/runner/cypress_runner.js:141533:19)
    at <unknown> (https://www.automationexercise.com/__cypress/runner/cypress_runner.js:147469:15)
    at tryCatcher (https://www.automationexercise.com/__cypress/runner/cypress_runner.js:1777:23)
    at Promise._settlePromiseFromHandler (https://www.automationexercise.com/__cypress/runner/cypress_runner.js:1489:31)]]></failure>
    </testcase>
  </testsuite>
</testsuites>